<?xml version="1.0" encoding="UTF-8"?>
<testsuite xmlns:xsi="http://www.w3.org/2001/XMLSchema-instance" xsi:noNamespaceSchemaLocation="https://maven.apache.org/surefire/maven-surefire-plugin/xsd/surefire-test-report-3.0.xsd" version="3.0" name="org.example.TestRunner.TheRunner" time="210.238" tests="19" errors="0" skipped="0" failures="3">
  <properties>
[...]
</properties>
  <testcase name="runScenario" classname="org.example.TestRunner.TheRunner" time="12.372"/>
  <testcase name="runScenario" classname="org.example.TestRunner.TheRunner" time="7.843"/>
  <testcase name="runScenario" classname="org.example.TestRunner.TheRunner" time="9.886"/>
  <testcase name="runScenario" classname="org.example.TestRunner.TheRunner" time="16.623"/>
  <testcase name="runScenario" classname="org.example.TestRunner.TheRunner" time="9.764"/>
  <testcase name="runScenario" classname="org.example.TestRunner.TheRunner" time="9.637"/>
  <testcase name="runScenario" classname="org.example.TestRunner.TheRunner" time="9.791"/>
  <testcase name="runScenario" classname="org.example.TestRunner.TheRunner" time="11.066"/>
  <testcase name="runScenario" classname="org.example.TestRunner.TheRunner" time="9.782"/>
  <testcase name="runScenario" classname="org.example.TestRunner.TheRunner" time="11.219"/>
  <testcase name="runScenario" classname="org.example.TestRunner.TheRunner" time="8.456"/>
  <testcase name="runScenario" classname="org.example.TestRunner.TheRunner" time="14.073">
    <failure message="Expected condition failed: waiting for url to contain &quot;nokia-lumia-1020&quot;. Current url: &quot;https://demo.nopcommerce.com/#&quot; (tried for 8 second(s) with 500 milliseconds interval)&#10;Build info: version: &apos;4.7.2&apos;, revision: &apos;4d4020c3b7&apos;&#10;System info: os.name: &apos;Windows 11&apos;, os.arch: &apos;amd64&apos;, os.version: &apos;10.0&apos;, java.version: &apos;1.8.0_361&apos;&#10;Driver info: org.openqa.selenium.chrome.ChromeDriver&#10;Capabilities {acceptInsecureCerts: false, browserName: chrome, browserVersion: 109.0.5414.120, chrome: {chromedriverVersion: 109.0.5414.74 (e7c5703604da..., userDataDir: C:\Users\SMART\AppData\Loca...}, goog:chromeOptions: {debuggerAddress: localhost:59994}, networkConnectionEnabled: false, pageLoadStrategy: normal, platformName: WINDOWS, proxy: Proxy(), se:cdp: ws://localhost:59994/devtoo..., se:cdpVersion: 109.0.5414.120, setWindowRect: true, strictFileInteractability: false, timeouts: {implicit: 0, pageLoad: 300000, script: 30000}, unhandledPromptBehavior: dismiss and notify, webauthn:extension:credBlob: true, webauthn:extension:largeBlob: true, webauthn:virtualAuthenticators: true}&#10;Session ID: d44796646f2aeae5cd6136f093013b7f" type="org.openqa.selenium.TimeoutException"><![CDATA[org.openqa.selenium.TimeoutException: 
Expected condition failed: waiting for url to contain "nokia-lumia-1020". Current url: "https://demo.nopcommerce.com/#" (tried for 8 second(s) with 500 milliseconds interval)
Build info: version: '4.7.2', revision: '4d4020c3b7'
System info: os.name: 'Windows 11', os.arch: 'amd64', os.version: '10.0', java.version: '1.8.0_361'
Driver info: org.openqa.selenium.chrome.ChromeDriver
Capabilities {acceptInsecureCerts: false, browserName: chrome, browserVersion: 109.0.5414.120, chrome: {chromedriverVersion: 109.0.5414.74 (e7c5703604da..., userDataDir: C:\Users\SMART\AppData\Loca...}, goog:chromeOptions: {debuggerAddress: localhost:59994}, networkConnectionEnabled: false, pageLoadStrategy: normal, platformName: WINDOWS, proxy: Proxy(), se:cdp: ws://localhost:59994/devtoo..., se:cdpVersion: 109.0.5414.120, setWindowRect: true, strictFileInteractability: false, timeouts: {implicit: 0, pageLoad: 300000, script: 30000}, unhandledPromptBehavior: dismiss and notify, webauthn:extension:credBlob: true, webauthn:extension:largeBlob: true, webauthn:virtualAuthenticators: true}
Session ID: d44796646f2aeae5cd6136f093013b7f
]]></failure>
    <system-out><![CDATA[
@smoke
Scenario: guest user could register with valid data successfully &amp#27;[90m# src/main/resources/Features/F01_Register.feature:4&amp#27;[0m
  &amp#27;[32mGiven &amp#27;[0m&amp#27;[32muser go to register page&amp#27;[0m                                 &amp#27;[90m# org.example.Steps.D01_RegisterSteps.goRegisterPage()&amp#27;[0m
  &amp#27;[32mWhen &amp#27;[0m&amp#27;[32muser select gender type&amp#27;[0m                                   &amp#27;[90m# org.example.Steps.D01_RegisterSteps.SelectGender()&amp#27;[0m
  &amp#27;[32mAnd &amp#27;[0m&amp#27;[32muser enter first name &amp#27;[0m&amp#27;[32m&amp#27;[1m"automation"&amp#27;[0m&amp#27;[32m and last name &amp#27;[0m&amp#27;[32m&amp#27;[1m"tester"&amp#27;[0m  &amp#27;[90m# org.example.Steps.D01_RegisterSteps.FirstNameAndLastName(java.lang.String,java.lang.String)&amp#27;[0m
  &amp#27;[32mAnd &amp#27;[0m&amp#27;[32muser enter date of birth&amp#27;[0m                                   &amp#27;[90m# org.example.Steps.D01_RegisterSteps.dateOfBirth()&amp#27;[0m
  &amp#27;[32mAnd &amp#27;[0m&amp#27;[32muser enter email field&amp#27;[0m                                     &amp#27;[90m# org.example.Steps.D01_RegisterSteps.enterEmail()&amp#27;[0m
  &amp#27;[32mAnd &amp#27;[0m&amp#27;[32muser fills Password fields &amp#27;[0m&amp#27;[32m&amp#27;[1m"P@ssw0rd"&amp#27;[0m&amp#27;[32m &amp#27;[0m&amp#27;[32m&amp#27;[1m"P@ssw0rd"&amp#27;[0m           &amp#27;[90m# org.example.Steps.D01_RegisterSteps.passwordFields(java.lang.String,java.lang.String)&amp#27;[0m
  &amp#27;[32mAnd &amp#27;[0m&amp#27;[32muser clicks on register button&amp#27;[0m                             &amp#27;[90m# org.example.Steps.D01_RegisterSteps.clicksOnRegisterButton()&amp#27;[0m
  &amp#27;[32mThen &amp#27;[0m&amp#27;[32msuccess message is displayed&amp#27;[0m                              &amp#27;[90m# org.example.Steps.D01_RegisterSteps.successRegistration()&amp#27;[0m

@smoke
Scenario: SC2- User could log in with valid email and password            &amp#27;[90m# src/main/resources/Features/F02_Login.feature:3&amp#27;[0m
  &amp#27;[32mGiven &amp#27;[0m&amp#27;[32muser go to log in page&amp#27;[0m                                            &amp#27;[90m# org.example.Steps.D02_LoginSteps.logInClick()&amp#27;[0m
  &amp#27;[32mWhen &amp#27;[0m&amp#27;[32muser login with valid &amp#27;[0m&amp#27;[32m&amp#27;[1m"mauricio.senger@example.com"&amp#27;[0m&amp#27;[32m and &amp#27;[0m&amp#27;[32m&amp#27;[1m"P@ssw0rd"&amp#27;[0m &amp#27;[90m# org.example.Steps.D02_LoginSteps.userLoginWithValidAnd(java.lang.String,java.lang.String)&amp#27;[0m
  &amp#27;[32mThen &amp#27;[0m&amp#27;[32muser log in successfully&amp#27;[0m                                           &amp#27;[90m# org.example.Steps.D02_LoginSteps.LogIn_Done()&amp#27;[0m

@smoke
Scenario: SC2- User could log in with invalid email and password  &amp#27;[90m# src/main/resources/Features/F02_Login.feature:10&amp#27;[0m
  &amp#27;[32mGiven &amp#27;[0m&amp#27;[32muser go to log in page&amp#27;[0m                                    &amp#27;[90m# org.example.Steps.D02_LoginSteps.logInClick()&amp#27;[0m
  &amp#27;[32mWhen &amp#27;[0m&amp#27;[32muser login with invalid &amp#27;[0m&amp#27;[32m&amp#27;[1m"wrong@example.com"&amp#27;[0m&amp#27;[32m and &amp#27;[0m&amp#27;[32m&amp#27;[1m"P@ssw0rd"&amp#27;[0m &amp#27;[90m# org.example.Steps.D02_LoginSteps.userLoginWithInvalidAnd(java.lang.String,java.lang.String)&amp#27;[0m
  &amp#27;[32mThen &amp#27;[0m&amp#27;[32muser cannot log in&amp#27;[0m                                         &amp#27;[90m# org.example.Steps.D02_LoginSteps.userLogInUnsuccessfully()&amp#27;[0m

@smoke
Scenario: Verify the currency symbol on Home page                             &amp#27;[90m# src/main/resources/Features/F03_currencies.feature:6&amp#27;[0m
  &amp#27;[32mWhen &amp#27;[0m&amp#27;[32muser select euro from currencies list&amp#27;[0m                                  &amp#27;[90m# org.example.Steps.D03_CurrenciesSteps.selectEuro()&amp#27;[0m
  &amp#27;[32mThen &amp#27;[0m&amp#27;[32mVerify the Euro Symbol (â‚¬) is displayed on the &amp#27;[0m&amp#27;[32m&amp#27;[1m4&amp#27;[0m&amp#27;[32m products in Home page&amp#27;[0m &amp#27;[90m# org.example.Steps.D03_CurrenciesSteps.verifyTheEuroSymbolâ‚¬IsDisplayedOnTheProductsInHomePage(int)&amp#27;[0m

@smoke
Scenario Outline: Product Search using Product Name &amp#27;[90m# src/main/resources/Features/F04_Search.feature:12&amp#27;[0m
  &amp#27;[32mWhen &amp#27;[0m&amp#27;[32muser click on search field&amp#27;[0m                   &amp#27;[90m# org.example.Steps.D04_SearchSteps.userClickOnSearchField()&amp#27;[0m
  &amp#27;[32mAnd &amp#27;[0m&amp#27;[32muser search with &amp#27;[0m&amp#27;[32m&amp#27;[1m"book"&amp#27;[0m                       &amp#27;[90m# org.example.Steps.D04_SearchSteps.userSearchWith(java.lang.String)&amp#27;[0m
  &amp#27;[32mThen &amp#27;[0m&amp#27;[32muser could find &amp#27;[0m&amp#27;[32m&amp#27;[1m"book"&amp#27;[0m&amp#27;[32m relative results&amp#27;[0m      &amp#27;[90m# org.example.Steps.D04_SearchSteps.userCouldFindRelativeResults(java.lang.String)&amp#27;[0m

@smoke
Scenario Outline: Product Search using Product Name &amp#27;[90m# src/main/resources/Features/F04_Search.feature:13&amp#27;[0m
  &amp#27;[32mWhen &amp#27;[0m&amp#27;[32muser click on search field&amp#27;[0m                   &amp#27;[90m# org.example.Steps.D04_SearchSteps.userClickOnSearchField()&amp#27;[0m
  &amp#27;[32mAnd &amp#27;[0m&amp#27;[32muser search with &amp#27;[0m&amp#27;[32m&amp#27;[1m"laptop"&amp#27;[0m                     &amp#27;[90m# org.example.Steps.D04_SearchSteps.userSearchWith(java.lang.String)&amp#27;[0m
  &amp#27;[32mThen &amp#27;[0m&amp#27;[32muser could find &amp#27;[0m&amp#27;[32m&amp#27;[1m"laptop"&amp#27;[0m&amp#27;[32m relative results&amp#27;[0m    &amp#27;[90m# org.example.Steps.D04_SearchSteps.userCouldFindRelativeResults(java.lang.String)&amp#27;[0m

@smoke
Scenario Outline: Product Search using Product Name &amp#27;[90m# src/main/resources/Features/F04_Search.feature:14&amp#27;[0m
  &amp#27;[32mWhen &amp#27;[0m&amp#27;[32muser click on search field&amp#27;[0m                   &amp#27;[90m# org.example.Steps.D04_SearchSteps.userClickOnSearchField()&amp#27;[0m
  &amp#27;[32mAnd &amp#27;[0m&amp#27;[32muser search with &amp#27;[0m&amp#27;[32m&amp#27;[1m"nike"&amp#27;[0m                       &amp#27;[90m# org.example.Steps.D04_SearchSteps.userSearchWith(java.lang.String)&amp#27;[0m
  &amp#27;[32mThen &amp#27;[0m&amp#27;[32muser could find &amp#27;[0m&amp#27;[32m&amp#27;[1m"nike"&amp#27;[0m&amp#27;[32m relative results&amp#27;[0m      &amp#27;[90m# org.example.Steps.D04_SearchSteps.userCouldFindRelativeResults(java.lang.String)&amp#27;[0m

@smoke
Scenario Outline: Product Search using Product SKU    &amp#27;[90m# src/main/resources/Features/F04_Search.feature:23&amp#27;[0m
  &amp#27;[32mWhen &amp#27;[0m&amp#27;[32muser click on search field second&amp#27;[0m              &amp#27;[90m# org.example.Steps.D04_SearchSteps.userClickOnSearchFieldSecond()&amp#27;[0m
  &amp#27;[32mAnd &amp#27;[0m&amp#27;[32muser search with &amp#27;[0m&amp#27;[32m&amp#27;[1m"SCI_FAITH"&amp#27;[0m&amp#27;[32m second&amp#27;[0m             &amp#27;[90m# org.example.Steps.D04_SearchSteps.userSearchWithSecond(java.lang.String)&amp#27;[0m
  &amp#27;[32mThen &amp#27;[0m&amp#27;[32muser could find &amp#27;[0m&amp#27;[32m&amp#27;[1m"SCI_FAITH"&amp#27;[0m&amp#27;[32m in product details&amp#27;[0m &amp#27;[90m# org.example.Steps.D04_SearchSteps.userCouldFindInProductDetails(java.lang.String)&amp#27;[0m

@smoke
Scenario Outline: Product Search using Product SKU    &amp#27;[90m# src/main/resources/Features/F04_Search.feature:24&amp#27;[0m
  &amp#27;[32mWhen &amp#27;[0m&amp#27;[32muser click on search field second&amp#27;[0m              &amp#27;[90m# org.example.Steps.D04_SearchSteps.userClickOnSearchFieldSecond()&amp#27;[0m
  &amp#27;[32mAnd &amp#27;[0m&amp#27;[32muser search with &amp#27;[0m&amp#27;[32m&amp#27;[1m"APPLE_CAM"&amp#27;[0m&amp#27;[32m second&amp#27;[0m             &amp#27;[90m# org.example.Steps.D04_SearchSteps.userSearchWithSecond(java.lang.String)&amp#27;[0m
  &amp#27;[32mThen &amp#27;[0m&amp#27;[32muser could find &amp#27;[0m&amp#27;[32m&amp#27;[1m"APPLE_CAM"&amp#27;[0m&amp#27;[32m in product details&amp#27;[0m &amp#27;[90m# org.example.Steps.D04_SearchSteps.userCouldFindInProductDetails(java.lang.String)&amp#27;[0m

@smoke
Scenario Outline: Product Search using Product SKU    &amp#27;[90m# src/main/resources/Features/F04_Search.feature:25&amp#27;[0m
  &amp#27;[32mWhen &amp#27;[0m&amp#27;[32muser click on search field second&amp#27;[0m              &amp#27;[90m# org.example.Steps.D04_SearchSteps.userClickOnSearchFieldSecond()&amp#27;[0m
  &amp#27;[32mAnd &amp#27;[0m&amp#27;[32muser search with &amp#27;[0m&amp#27;[32m&amp#27;[1m"SF_PRO_11"&amp#27;[0m&amp#27;[32m second&amp#27;[0m             &amp#27;[90m# org.example.Steps.D04_SearchSteps.userSearchWithSecond(java.lang.String)&amp#27;[0m
  &amp#27;[32mThen &amp#27;[0m&amp#27;[32muser could find &amp#27;[0m&amp#27;[32m&amp#27;[1m"SF_PRO_11"&amp#27;[0m&amp#27;[32m in product details&amp#27;[0m &amp#27;[90m# org.example.Steps.D04_SearchSteps.userCouldFindInProductDetails(java.lang.String)&amp#27;[0m

@smoke
Scenario: user hover on categories &amp#27;[90m# src/main/resources/Features/F05_HoverCategories.feature:5&amp#27;[0m
  &amp#27;[32mWhen &amp#27;[0m&amp#27;[32muser hover categories&amp#27;[0m       &amp#27;[90m# org.example.Steps.D05_HoverSteps.hover()&amp#27;[0m
  &amp#27;[32mAnd &amp#27;[0m&amp#27;[32muser click on subcategory&amp#27;[0m    &amp#27;[90m# org.example.Steps.D05_HoverSteps.userClickOnSubcategory()&amp#27;[0m
  &amp#27;[32mThen &amp#27;[0m&amp#27;[32muser go to product page&amp#27;[0m     &amp#27;[90m# org.example.Steps.D05_HoverSteps.userGoToProductPage()&amp#27;[0m

@smoke
Scenario: First slider is clickable on home page &amp#27;[90m# src/main/resources/Features/F06_HomeSliders.feature:5&amp#27;[0m
  &amp#27;[32mWhen &amp#27;[0m&amp#27;[32mI click on the first slider&amp#27;[0m               &amp#27;[90m# org.example.Steps.D06_HomeSlidersSteps.i_click_on_the_first_slider()&amp#27;[0m
  &amp#27;[31mThen &amp#27;[0m&amp#27;[31mI should be redirected to the Nokia URL&amp#27;[0m   &amp#27;[90m# org.example.Steps.D06_HomeSlidersSteps.i_should_be_redirected_to_the_correct_URL()&amp#27;[0m
      &amp#27;[31morg.openqa.selenium.TimeoutException: Expected condition failed: waiting for url to contain "nokia-lumia-1020". Current url: "https://demo.nopcommerce.com/#" (tried for 8 second(s) with 500 milliseconds interval)
Build info: version: '4.7.2', revision: ]]></system-out>
    <system-err><![CDATA[Starting ChromeDriver 109.0.5414.74 (e7c5703604daa9cc128ccf5a5d3e993513758913-refs/branch-heads/5414@{#1172}) on port 6498
Only local connections are allowed.
Please see https://chromedriver.chromium.org/security-considerations for suggestions on keeping ChromeDriver safe.
ChromeDriver was started successfully.
فبر 01, 2023 5:15:01 م org.openqa.selenium.devtools.CdpVersionFinder findNearestMatch
WARNING: Unable to find an exact match for CDP version 109, so returning the closest version found: 108
]]></system-err>
  </testcase>
  <testcase name="runScenario" classname="org.example.TestRunner.TheRunner" time="14.463">
    <failure message="Expected condition failed: waiting for url to contain &quot;nokia-lumia-1020&quot;. Current url: &quot;https://demo.nopcommerce.com/&quot; (tried for 8 second(s) with 500 milliseconds interval)&#10;Build info: version: &apos;4.7.2&apos;, revision: &apos;4d4020c3b7&apos;&#10;System info: os.name: &apos;Windows 11&apos;, os.arch: &apos;amd64&apos;, os.version: &apos;10.0&apos;, java.version: &apos;1.8.0_361&apos;&#10;Driver info: org.openqa.selenium.chrome.ChromeDriver&#10;Capabilities {acceptInsecureCerts: false, browserName: chrome, browserVersion: 109.0.5414.120, chrome: {chromedriverVersion: 109.0.5414.74 (e7c5703604da..., userDataDir: C:\Users\SMART\AppData\Loca...}, goog:chromeOptions: {debuggerAddress: localhost:60013}, networkConnectionEnabled: false, pageLoadStrategy: normal, platformName: WINDOWS, proxy: Proxy(), se:cdp: ws://localhost:60013/devtoo..., se:cdpVersion: 109.0.5414.120, setWindowRect: true, strictFileInteractability: false, timeouts: {implicit: 0, pageLoad: 300000, script: 30000}, unhandledPromptBehavior: dismiss and notify, webauthn:extension:credBlob: true, webauthn:extension:largeBlob: true, webauthn:virtualAuthenticators: true}&#10;Session ID: caf237da66a70761142d21212afe32d7" type="org.openqa.selenium.TimeoutException"><![CDATA[org.openqa.selenium.TimeoutException: 
Expected condition failed: waiting for url to contain "nokia-lumia-1020". Current url: "https://demo.nopcommerce.com/" (tried for 8 second(s) with 500 milliseconds interval)
Build info: version: '4.7.2', revision: '4d4020c3b7'
System info: os.name: 'Windows 11', os.arch: 'amd64', os.version: '10.0', java.version: '1.8.0_361'
Driver info: org.openqa.selenium.chrome.ChromeDriver
Capabilities {acceptInsecureCerts: false, browserName: chrome, browserVersion: 109.0.5414.120, chrome: {chromedriverVersion: 109.0.5414.74 (e7c5703604da..., userDataDir: C:\Users\SMART\AppData\Loca...}, goog:chromeOptions: {debuggerAddress: localhost:60013}, networkConnectionEnabled: false, pageLoadStrategy: normal, platformName: WINDOWS, proxy: Proxy(), se:cdp: ws://localhost:60013/devtoo..., se:cdpVersion: 109.0.5414.120, setWindowRect: true, strictFileInteractability: false, timeouts: {implicit: 0, pageLoad: 300000, script: 30000}, unhandledPromptBehavior: dismiss and notify, webauthn:extension:credBlob: true, webauthn:extension:largeBlob: true, webauthn:virtualAuthenticators: true}
Session ID: caf237da66a70761142d21212afe32d7
]]></failure>
    <system-err><![CDATA[Starting ChromeDriver 109.0.5414.74 (e7c5703604daa9cc128ccf5a5d3e993513758913-refs/branch-heads/5414@{#1172}) on port 12093
Only local connections are allowed.
Please see https://chromedriver.chromium.org/security-considerations for suggestions on keeping ChromeDriver safe.
ChromeDriver was started successfully.
فبر 01, 2023 5:15:15 م org.openqa.selenium.devtools.CdpVersionFinder findNearestMatch
WARNING: Unable to find an exact match for CDP version 109, so returning the closest version found: 108
]]></system-err>
  </testcase>
  <testcase name="runScenario" classname="org.example.TestRunner.TheRunner" time="8.165"/>
  <testcase name="runScenario" classname="org.example.TestRunner.TheRunner" time="10.981"/>
  <testcase name="runScenario" classname="org.example.TestRunner.TheRunner" time="15.836">
    <failure message="Expected condition failed: waiting for number of open windows to be 2 (tried for 9 second(s) with 500 milliseconds interval)&#10;Build info: version: &apos;4.7.2&apos;, revision: &apos;4d4020c3b7&apos;&#10;System info: os.name: &apos;Windows 11&apos;, os.arch: &apos;amd64&apos;, os.version: &apos;10.0&apos;, java.version: &apos;1.8.0_361&apos;&#10;Driver info: org.openqa.selenium.chrome.ChromeDriver&#10;Capabilities {acceptInsecureCerts: false, browserName: chrome, browserVersion: 109.0.5414.120, chrome: {chromedriverVersion: 109.0.5414.74 (e7c5703604da..., userDataDir: C:\Users\SMART\AppData\Loca...}, goog:chromeOptions: {debuggerAddress: localhost:60103}, networkConnectionEnabled: false, pageLoadStrategy: normal, platformName: WINDOWS, proxy: Proxy(), se:cdp: ws://localhost:60103/devtoo..., se:cdpVersion: 109.0.5414.120, setWindowRect: true, strictFileInteractability: false, timeouts: {implicit: 0, pageLoad: 300000, script: 30000}, unhandledPromptBehavior: dismiss and notify, webauthn:extension:credBlob: true, webauthn:extension:largeBlob: true, webauthn:virtualAuthenticators: true}&#10;Session ID: 7c4abb681fd9d91a7c62bd89e7ddd854" type="org.openqa.selenium.TimeoutException"><![CDATA[org.openqa.selenium.TimeoutException: 
Expected condition failed: waiting for number of open windows to be 2 (tried for 9 second(s) with 500 milliseconds interval)
Build info: version: '4.7.2', revision: '4d4020c3b7'
System info: os.name: 'Windows 11', os.arch: 'amd64', os.version: '10.0', java.version: '1.8.0_361'
Driver info: org.openqa.selenium.chrome.ChromeDriver
Capabilities {acceptInsecureCerts: false, browserName: chrome, browserVersion: 109.0.5414.120, chrome: {chromedriverVersion: 109.0.5414.74 (e7c5703604da..., userDataDir: C:\Users\SMART\AppData\Loca...}, goog:chromeOptions: {debuggerAddress: localhost:60103}, networkConnectionEnabled: false, pageLoadStrategy: normal, platformName: WINDOWS, proxy: Proxy(), se:cdp: ws://localhost:60103/devtoo..., se:cdpVersion: 109.0.5414.120, setWindowRect: true, strictFileInteractability: false, timeouts: {implicit: 0, pageLoad: 300000, script: 30000}, unhandledPromptBehavior: dismiss and notify, webauthn:extension:credBlob: true, webauthn:extension:largeBlob: true, webauthn:virtualAuthenticators: true}
Session ID: 7c4abb681fd9d91a7c62bd89e7ddd854
]]></failure>
    <system-err><![CDATA[Starting ChromeDriver 109.0.5414.74 (e7c5703604daa9cc128ccf5a5d3e993513758913-refs/branch-heads/5414@{#1172}) on port 17356
Only local connections are allowed.
Please see https://chromedriver.chromium.org/security-considerations for suggestions on keeping ChromeDriver safe.
ChromeDriver was started successfully.
فبر 01, 2023 5:15:48 م org.openqa.selenium.devtools.CdpVersionFinder findNearestMatch
WARNING: Unable to find an exact match for CDP version 109, so returning the closest version found: 108
]]></system-err>
  </testcase>
  <testcase name="runScenario" classname="org.example.TestRunner.TheRunner" time="10.187"/>
  <testcase name="runScenario" classname="org.example.TestRunner.TheRunner" time="6.41"/>
  <testcase name="runScenario" classname="org.example.TestRunner.TheRunner" time="12.135"/>
</testsuite>